/*C4*/SET SCHEMA PUBLIC
DISCONNECT
/*C5*/SET SCHEMA PUBLIC
alter table FACTURACION.DOCUMENTOCOMERCIAL add column factura_oid varchar(32)
alter table facturacion.DocumentoComercial add constraint FK4lhtu14i3f0y8m4ohuxww2b48 foreign key (factura_oid) references facturacion.DocumentoComercial
SET SCHEMA FACTURACION
INSERT INTO DOCUMENTOCOMERCIAL VALUES('Factura','4028818783b8b0220183b8b6e52c0000',2022,'2022-10-08',1,'',88,NULL)
INSERT INTO DOCUMENTOCOMERCIAL VALUES('Pedido','4028818783b8b0220183b8b6e5db0001',2022,'2022-10-08',1,'',88,'4028818783b8b0220183b8b6e52c0000')
INSERT INTO DOCUMENTOCOMERCIAL_DETALLES VALUES('4028818783b8b0220183b8b6e5db0001',2,12)
INSERT INTO DOCUMENTOCOMERCIAL_DETALLES VALUES('4028818783b8b0220183b8b6e5db0001',3,15)
COMMIT
INSERT INTO DOCUMENTOCOMERCIAL VALUES('Factura','4028818783b8b0220183b8b9a8460002',2022,'2022-10-08',2,'',88,NULL)
COMMIT
INSERT INTO DOCUMENTOCOMERCIAL VALUES('Pedido','4028818783b8b0220183b8b9afba0003',2022,'2022-10-08',2,'',88,'4028818783b8b0220183b8b9a8460002')
INSERT INTO DOCUMENTOCOMERCIAL_DETALLES VALUES('4028818783b8b0220183b8b9afba0003',2,10)
INSERT INTO DOCUMENTOCOMERCIAL_DETALLES VALUES('4028818783b8b0220183b8b9afba0003',5,15)
COMMIT
DELETE FROM DOCUMENTOCOMERCIAL_DETALLES WHERE DOCUMENTOCOMERCIAL_OID='4028818783b8b0220183b8b9afba0003' AND CANTIDAD=2 AND PRODUCTO_NUMERO=10
DELETE FROM DOCUMENTOCOMERCIAL_DETALLES WHERE DOCUMENTOCOMERCIAL_OID='4028818783b8b0220183b8b9afba0003' AND CANTIDAD=5 AND PRODUCTO_NUMERO=15
INSERT INTO DOCUMENTOCOMERCIAL_DETALLES VALUES('4028818783b8b0220183b8b9afba0003',2,10)
INSERT INTO DOCUMENTOCOMERCIAL_DETALLES VALUES('4028818783b8b0220183b8b9afba0003',5,15)
COMMIT
