/*C4*/SET SCHEMA PUBLIC
DISCONNECT
/*C6*/SET SCHEMA PUBLIC
DISCONNECT
/*C8*/SET SCHEMA PUBLIC
DISCONNECT
/*C9*/SET SCHEMA PUBLIC
CREATE SCHEMA AVION AUTHORIZATION SA
create table Avion.IMAGES (ID varchar(255) not null, GALLERY varchar(255), IMAGE varbinary(16777216), primary key (ID))
create table Avion.OXDISCUSSIONCOMMENTS (id varchar(32) not null, comment clob(16777216), discussionId varchar(32), time timestamp, userName varchar(30), primary key (id))
create table Avion.Vuelo (origen varchar(30) not null, Destino varchar(30), Hora integer, fecha integer, primary key (origen))
create index Avion.IDXbhlx4vunn24ym1tbrlgq8g30m on Avion.OXDISCUSSIONCOMMENTS (discussionId)
DISCONNECT
/*C10*/SET SCHEMA PUBLIC
DISCONNECT
/*C11*/SET SCHEMA PUBLIC
DISCONNECT
/*C12*/SET SCHEMA PUBLIC
DISCONNECT
/*C13*/SET SCHEMA PUBLIC
DISCONNECT
/*C14*/SET SCHEMA PUBLIC
DISCONNECT
/*C15*/SET SCHEMA PUBLIC
DISCONNECT
/*C16*/SET SCHEMA PUBLIC
DISCONNECT
/*C17*/SET SCHEMA PUBLIC
DISCONNECT
/*C18*/SET SCHEMA PUBLIC
DISCONNECT
/*C19*/SET SCHEMA PUBLIC
DISCONNECT
/*C20*/SET SCHEMA PUBLIC
DISCONNECT
/*C21*/SET SCHEMA PUBLIC
DISCONNECT
/*C22*/SET SCHEMA PUBLIC
DISCONNECT
/*C23*/SET SCHEMA PUBLIC
DISCONNECT
/*C24*/SET SCHEMA PUBLIC
DISCONNECT
/*C25*/SET SCHEMA PUBLIC
DISCONNECT
/*C26*/SET SCHEMA PUBLIC
DISCONNECT
/*C27*/SET SCHEMA PUBLIC
DISCONNECT
/*C30*/SET SCHEMA PUBLIC
DISCONNECT
/*C29*/SET SCHEMA PUBLIC
DISCONNECT
/*C28*/SET SCHEMA PUBLIC
DISCONNECT
/*C31*/SET SCHEMA PUBLIC
DISCONNECT
/*C32*/SET SCHEMA PUBLIC
DISCONNECT
/*C33*/SET SCHEMA PUBLIC
DISCONNECT
/*C34*/SET SCHEMA PUBLIC
DISCONNECT
/*C35*/SET SCHEMA PUBLIC
DISCONNECT
/*C36*/SET SCHEMA PUBLIC
DISCONNECT
/*C37*/SET SCHEMA PUBLIC
DISCONNECT
/*C38*/SET SCHEMA PUBLIC
DISCONNECT
/*C39*/SET SCHEMA PUBLIC
DISCONNECT
/*C40*/SET SCHEMA PUBLIC
DISCONNECT
/*C41*/SET SCHEMA PUBLIC
DISCONNECT
/*C42*/SET SCHEMA PUBLIC
DISCONNECT
/*C43*/SET SCHEMA PUBLIC
DISCONNECT
/*C44*/SET SCHEMA PUBLIC
alter table AVION.VUELO add column oid varchar(32) not null
DISCONNECT
/*C45*/SET SCHEMA PUBLIC
DISCONNECT
/*C46*/SET SCHEMA PUBLIC
alter table AVION.VUELO add column id integer
DISCONNECT
/*C47*/SET SCHEMA PUBLIC
DISCONNECT
/*C48*/SET SCHEMA PUBLIC
DISCONNECT
/*C49*/SET SCHEMA PUBLIC
DISCONNECT
/*C50*/SET SCHEMA PUBLIC
DISCONNECT
/*C51*/SET SCHEMA PUBLIC
DISCONNECT
/*C52*/SET SCHEMA PUBLIC
DISCONNECT
/*C53*/SET SCHEMA PUBLIC
DISCONNECT
/*C54*/SET SCHEMA PUBLIC
DISCONNECT
/*C55*/SET SCHEMA PUBLIC
DISCONNECT
/*C56*/SET SCHEMA PUBLIC
DISCONNECT
/*C57*/SET SCHEMA PUBLIC
DISCONNECT
/*C58*/SET SCHEMA PUBLIC
DISCONNECT
/*C59*/SET SCHEMA PUBLIC
DISCONNECT
/*C60*/SET SCHEMA PUBLIC
DISCONNECT
/*C61*/SET SCHEMA PUBLIC
DISCONNECT
/*C62*/SET SCHEMA PUBLIC
DISCONNECT
/*C63*/SET SCHEMA PUBLIC
DISCONNECT
/*C64*/SET SCHEMA PUBLIC
DISCONNECT
/*C65*/SET SCHEMA PUBLIC
DISCONNECT
/*C66*/SET SCHEMA PUBLIC
create table Avion.Tripulacion (nombreTripulacion varchar(40) not null, primary key (nombreTripulacion))
SET SCHEMA AVION
INSERT INTO TRIPULACION VALUES('Juan Dom\u00ednguez')
COMMIT
SET SCHEMA PUBLIC
DISCONNECT
/*C67*/SET SCHEMA PUBLIC
DISCONNECT
/*C68*/SET SCHEMA PUBLIC
alter table AVION.VUELO add column tripulacion_nombreTripulacion varchar(40)
alter table Avion.Vuelo add constraint FK5cfqvrsyrpg7esk982npf7v9w foreign key (tripulacion_nombreTripulacion) references Avion.Tripulacion
DISCONNECT
/*C69*/SET SCHEMA PUBLIC
DISCONNECT
/*C70*/SET SCHEMA PUBLIC
DISCONNECT
/*C71*/SET SCHEMA PUBLIC
DISCONNECT
/*C72*/SET SCHEMA PUBLIC
DISCONNECT
/*C73*/SET SCHEMA PUBLIC
DISCONNECT
/*C74*/SET SCHEMA PUBLIC
create table Avion.Aerolinea (nomAerolinea varchar(20) not null, primary key (nomAerolinea))
SET SCHEMA AVION
INSERT INTO AEROLINEA VALUES('Viva aerob\u00fas')
COMMIT
INSERT INTO AEROLINEA VALUES('Aeromexico')
COMMIT
SET SCHEMA PUBLIC
DISCONNECT
/*C75*/SET SCHEMA PUBLIC
DISCONNECT
/*C76*/SET SCHEMA PUBLIC
DISCONNECT
/*C77*/SET SCHEMA PUBLIC
DISCONNECT
/*C78*/SET SCHEMA PUBLIC
alter table AVION.VUELO add column fotoDestino varchar(32)
DISCONNECT
/*C79*/SET SCHEMA PUBLIC
DISCONNECT
/*C80*/SET SCHEMA PUBLIC
DISCONNECT
/*C81*/SET SCHEMA PUBLIC
DISCONNECT
/*C82*/SET SCHEMA AVION
INSERT INTO VUELO VALUES('Canc\u00fan','Tokio',NULL,NULL,'402881ce83e836680183e83688340000',NULL,NULL,NULL)
COMMIT
SET SCHEMA PUBLIC
DISCONNECT
/*C83*/SET SCHEMA PUBLIC
DISCONNECT
/*C84*/SET SCHEMA PUBLIC
DISCONNECT
/*C85*/SET SCHEMA PUBLIC
DISCONNECT
/*C86*/SET SCHEMA PUBLIC
DISCONNECT
/*C87*/SET SCHEMA PUBLIC
DISCONNECT
/*C88*/SET SCHEMA PUBLIC
DISCONNECT
/*C89*/SET SCHEMA PUBLIC
DISCONNECT
/*C90*/SET SCHEMA PUBLIC
DISCONNECT
/*C91*/SET SCHEMA PUBLIC
DISCONNECT
/*C92*/SET SCHEMA PUBLIC
DISCONNECT
/*C93*/SET SCHEMA PUBLIC
DISCONNECT
/*C94*/SET SCHEMA PUBLIC
DISCONNECT
/*C95*/SET SCHEMA PUBLIC
DISCONNECT
/*C96*/SET SCHEMA PUBLIC
DISCONNECT
/*C97*/SET SCHEMA PUBLIC
DISCONNECT
/*C98*/SET SCHEMA PUBLIC
DISCONNECT
/*C99*/SET SCHEMA PUBLIC
DISCONNECT
/*C100*/SET SCHEMA PUBLIC
alter table AVION.VUELO add column fotos varchar(32)
DISCONNECT
/*C101*/SET SCHEMA PUBLIC
DISCONNECT
/*C102*/SET SCHEMA PUBLIC
DISCONNECT
/*C103*/SET SCHEMA PUBLIC
DISCONNECT
/*C104*/SET SCHEMA PUBLIC
create table Avion.TuPrimeraEntidad (id varchar(32) not null, descripcion varchar(50), fecha date, importe numeric(19,2), primary key (id))
DISCONNECT
/*C105*/SET SCHEMA PUBLIC
DISCONNECT
/*C106*/SET SCHEMA PUBLIC
DISCONNECT
/*C107*/SET SCHEMA PUBLIC
DISCONNECT
/*C108*/SET SCHEMA PUBLIC
DISCONNECT
/*C109*/SET SCHEMA PUBLIC
DISCONNECT
/*C110*/SET SCHEMA PUBLIC
DISCONNECT
/*C111*/SET SCHEMA PUBLIC
DISCONNECT
/*C112*/SET SCHEMA PUBLIC
DISCONNECT
/*C113*/SET SCHEMA PUBLIC
DISCONNECT
/*C114*/SET SCHEMA PUBLIC
DISCONNECT
/*C115*/SET SCHEMA PUBLIC
DISCONNECT
/*C116*/SET SCHEMA PUBLIC
DISCONNECT
/*C117*/SET SCHEMA PUBLIC
DISCONNECT
/*C118*/SET SCHEMA PUBLIC
alter table AVION.VUELO add column aerolinea_aerolinea varchar(32)
alter table Avion.Vuelo add constraint FKfsdj7qi8hkwxs58jds0lbghwe foreign key (aerolinea_aerolinea) references Avion.Aerolinea
/*C7*/SET SCHEMA PUBLIC
DISCONNECT
/*C119*/SET SCHEMA PUBLIC
DISCONNECT
/*C120*/SET SCHEMA PUBLIC
CREATE SCHEMA VIEJES AUTHORIZATION SA
create table Viejes.IMAGES (ID varchar(255) not null, GALLERY varchar(255), IMAGE varbinary(16777216), primary key (ID))
create table Viejes.OXDISCUSSIONCOMMENTS (id varchar(32) not null, comment clob(16777216), discussionId varchar(32), time timestamp, userName varchar(30), primary key (id))
create table Viejes.TuPrimeraEntidad (id varchar(32) not null, descripcion varchar(50), fecha date, importe numeric(19,2), primary key (id))
create table Viejes.Vuelo (origen varchar(32) not null, destino varchar(32), fecha date, hora varchar(8), primary key (origen))
create index Viejes.IDXbhlx4vunn24ym1tbrlgq8g30m on Viejes.OXDISCUSSIONCOMMENTS (discussionId)
SET SCHEMA VIEJES
INSERT INTO VUELO VALUES('Canc\u00fan, M\u00e9xico','Tokio, Jap\u00f3n','2022-10-17','07:48 pm')
COMMIT
INSERT INTO VUELO VALUES('CDMX','Paris','2022-10-17','24:00hrs')
COMMIT
INSERT INTO VUELO VALUES('peto','kanasin','2022-10-17','12:00pm')
COMMIT
SET SCHEMA PUBLIC
DISCONNECT
/*C121*/SET SCHEMA PUBLIC
DISCONNECT
/*C122*/SET SCHEMA PUBLIC
alter table VIEJES.VUELO add column fotos varchar(32)
SET SCHEMA VIEJES
INSERT INTO VUELO VALUES('Canc\u00fan','Tokio, Jap\u00f3n','2022-10-17','16:00hrs','E89806D7C0A8014E0000000073B3ABEC')
COMMIT
SET SCHEMA PUBLIC
DISCONNECT
/*C123*/SET SCHEMA PUBLIC
DISCONNECT
/*C124*/SET SCHEMA PUBLIC
create table Viejes.Pasajero (nombre varchar(32) not null, primary key (nombre))
alter table VIEJES.VUELO add column pasajero_nombre varchar(32)
alter table Viejes.Vuelo add constraint FKirqxjers9tb5eb83bc3nl9vy0 foreign key (pasajero_nombre) references Viejes.Pasajero
DISCONNECT
/*C125*/SET SCHEMA PUBLIC
DISCONNECT
/*C126*/SET SCHEMA PUBLIC
DISCONNECT
/*C127*/SET SCHEMA PUBLIC
DISCONNECT
/*C128*/SET SCHEMA PUBLIC
DISCONNECT
/*C129*/SET SCHEMA PUBLIC
DISCONNECT
/*C130*/SET SCHEMA PUBLIC
DISCONNECT
/*C131*/SET SCHEMA PUBLIC
DISCONNECT
/*C132*/SET SCHEMA PUBLIC
create table Viejes.Tripulacion (nombretripulacion varchar(32) not null, primary key (nombretripulacion))
alter table VIEJES.VUELO add column tripulacion_nombretripulacion varchar(32)
alter table Viejes.Vuelo add constraint FK6ve3of0votyqwrt4btceegfbj foreign key (tripulacion_nombretripulacion) references Viejes.Tripulacion
SET SCHEMA VIEJES
DELETE FROM VUELO WHERE ORIGEN='peto'
COMMIT
DELETE FROM VUELO WHERE ORIGEN='Canc\u00fan, M\u00e9xico'
COMMIT
SET SCHEMA PUBLIC
DISCONNECT
/*C133*/SET SCHEMA PUBLIC
DISCONNECT
/*C134*/SET SCHEMA VIEJES
INSERT INTO VUELO VALUES('odn','dfv','2022-10-17','12:00p',NULL,NULL,NULL)
COMMIT
DELETE FROM VUELO WHERE ORIGEN='odn'
COMMIT
SET SCHEMA PUBLIC
DISCONNECT
/*C135*/SET SCHEMA PUBLIC
DISCONNECT
/*C136*/SET SCHEMA VIEJES
INSERT INTO TRIPULACION VALUES('Prueba')
COMMIT
INSERT INTO VUELO VALUES('ndincife','odnfvind','2022-10-17','12:00pm',NULL,NULL,'Prueba')
COMMIT
SET SCHEMA PUBLIC
DISCONNECT
/*C137*/SET SCHEMA PUBLIC
DISCONNECT
/*C138*/SET SCHEMA PUBLIC
create table Viejes.Empleado (nombre varchar(32) not null, puesto varchar(32), primary key (nombre))
SET SCHEMA VIEJES
INSERT INTO EMPLEADO VALUES('Jos\u00e9','Limpia vidrios')
COMMIT
SET SCHEMA PUBLIC
DISCONNECT
/*C139*/SET SCHEMA PUBLIC
DISCONNECT
/*C140*/SET SCHEMA PUBLIC
create table Viejes.Aerolinea (nombre varchar(32) not null, primary key (nombre))
SET SCHEMA VIEJES
INSERT INTO AEROLINEA VALUES('Prueba')
COMMIT
SET SCHEMA PUBLIC
DISCONNECT
/*C141*/SET SCHEMA PUBLIC
DISCONNECT
/*C142*/SET SCHEMA PUBLIC
DISCONNECT
/*C143*/SET SCHEMA PUBLIC
DISCONNECT
/*C144*/SET SCHEMA PUBLIC
DISCONNECT
/*C145*/SET SCHEMA PUBLIC
DISCONNECT
/*C146*/SET SCHEMA PUBLIC
DISCONNECT
/*C147*/SET SCHEMA PUBLIC
DISCONNECT
/*C148*/SET SCHEMA PUBLIC
alter table VIEJES.VUELO add column aerolinea_nombre varchar(32)
alter table Viejes.Vuelo add constraint FKgq6joei1h49695idc1ppnip5d foreign key (aerolinea_nombre) references Viejes.Aerolinea
SET SCHEMA VIEJES
INSERT INTO AEROLINEA VALUES('Viva Aerobus')
COMMIT
